2025/10/24 16:10:19 Запуск сервера
2025/10/24 16:10:20 Подключение к базе данных установлено успешно
2025/10/24 16:10:20 Сервер запущен на порту 8080
2025/10/24 16:12:11 Запуск сервера
2025/10/24 16:12:11 Подключение к базе данных установлено успешно
2025/10/24 16:12:11 Сервер запущен на порту 8080
2025/10/24 16:13:04 Запуск сервера
2025/10/24 16:13:04 Подключение к базе данных установлено успешно
2025/10/24 16:13:04 Сервер запущен на порту 8080
2025/10/25 10:28:03 Запуск сервера
2025/10/25 10:28:04 Подключение к базе данных установлено успешно
2025/10/25 10:28:04 Сервер запущен на порту 8080
2025/10/25 10:39:10 Запуск сервера
2025/10/25 10:39:10 Подключение к базе данных установлено успешно
2025/10/25 10:39:10 Сервер запущен на порту 8080
2025/10/25 10:43:15 Запуск сервера
2025/10/25 10:43:15 Подключение к базе данных установлено успешно
2025/10/25 10:43:15 Сервер запущен на порту 8080
2025/10/25 10:45:58 Запуск сервера
2025/10/25 10:45:58 Подключение к базе данных установлено успешно
2025/10/25 10:45:58 Сервер запущен на порту 8080
2025/10/25 10:46:30 Запуск сервера
2025/10/25 10:46:30 Подключение к базе данных установлено успешно
2025/10/25 10:46:30 Сервер запущен на порту 8080
2025/10/25 10:47:20 Запуск сервера
2025/10/25 10:47:20 Подключение к базе данных установлено успешно
2025/10/25 10:47:20 Сервер запущен на порту 8080
2025/10/25 10:47:22 Запуск сервера
2025/10/25 10:47:22 Подключение к базе данных установлено успешно
2025/10/25 10:47:22 Сервер запущен на порту 8080
2025/10/25 10:48:18 Запуск сервера
2025/10/25 10:48:18 Подключение к базе данных установлено успешно
2025/10/25 10:48:18 Сервер запущен на порту 8080
2025/10/25 10:48:20 Запуск сервера
2025/10/25 10:48:20 Подключение к базе данных установлено успешно
2025/10/25 10:48:20 Сервер запущен на порту 8080
2025/10/25 10:48:20 listen tcp :8080: bind: Only one usage of each socket address (protocol/network address/port) is normally permitted.
2025/10/25 10:48:32 UpdateAnimeStatus вызван с параметрами: userID=1, animeID=1, status="Просмотрено"
2025/10/25 10:48:32 Успешно сохранено для userID=1, animeID=1, статус="Просмотрено"
2025/10/25 10:48:32 Попытка сохранить статус. userID=1, animeID=1, status="Просмотрено"
2025/10/25 10:48:32 Статус успешно сохранен для пользователя 1, animeID 1: Просмотрено
2025/10/25 10:48:32 Пользователь 1 пытается обновить статус аниме
2025/10/25 10:48:32 Статус аниме успешно обновлен: userID=1, animeID=1, status=Просмотрено
2025/10/25 10:48:32 Тело запроса: 
2025/10/25 10:48:32 Статус аниме обновлен: пользователь=1, animeID=1, статус=Просмотрено
2025/10/25 10:52:15 UpdateAnimeStatus вызван с параметрами: userID=1, animeID=1, status="Просмотрено"
2025/10/25 10:52:16 Успешно сохранено для userID=1, animeID=1, статус="Просмотрено"
2025/10/25 10:52:16 Попытка сохранить статус. userID=1, animeID=1, status="Просмотрено"
2025/10/25 10:52:16 Статус успешно сохранен для пользователя 1, animeID 1: Просмотрено
2025/10/25 10:52:16 Пользователь 1 пытается обновить статус аниме
2025/10/25 10:52:16 Статус аниме успешно обновлен: userID=1, animeID=1, status=Просмотрено
2025/10/25 10:52:16 Тело запроса: 
2025/10/25 10:52:16 Статус аниме обновлен: пользователь=1, animeID=1, статус=Просмотрено
2025/10/25 10:52:20 UpdateAnimeStatus вызван с параметрами: userID=1, animeID=1, status="Просмотрено"
2025/10/25 10:52:20 Успешно сохранено для userID=1, animeID=1, статус="Просмотрено"
2025/10/25 10:52:20 Попытка сохранить статус. userID=1, animeID=1, status="Просмотрено"
2025/10/25 10:52:20 Статус успешно сохранен для пользователя 1, animeID 1: Просмотрено
2025/10/25 10:52:20 Пользователь 1 пытается обновить статус аниме
2025/10/25 10:52:20 Статус аниме успешно обновлен: userID=1, animeID=1, status=Просмотрено
2025/10/25 10:52:20 Тело запроса: 
2025/10/25 10:52:20 Статус аниме обновлен: пользователь=1, animeID=1, статус=Просмотрено
2025/10/25 10:55:48 Запуск сервера
2025/10/25 10:55:48 Подключение к базе данных установлено успешно
2025/10/25 10:55:48 Сервер запущен на порту 8080
2025/10/25 10:55:48 listen tcp :8080: bind: Only one usage of each socket address (protocol/network address/port) is normally permitted.
2025/10/25 10:56:34 Запуск сервера
2025/10/25 10:56:34 Подключение к базе данных установлено успешно
2025/10/25 10:56:34 Сервер запущен на порту 8080
2025/10/25 10:56:34 listen tcp :8080: bind: Only one usage of each socket address (protocol/network address/port) is normally permitted.
2025/10/25 10:57:15 Запуск сервера
2025/10/25 10:57:15 Подключение к базе данных установлено успешно
2025/10/25 10:57:15 Сервер запущен на порту 8080
2025/10/25 10:57:15 listen tcp :8080: bind: Only one usage of each socket address (protocol/network address/port) is normally permitted.
2025/10/25 10:58:53 UpdateAnimeStatus вызван с параметрами: userID=1, animeID=1, status="Просмотрено"
2025/10/25 10:58:53 Успешно сохранено для userID=1, animeID=1, статус="Просмотрено"
2025/10/25 10:58:53 Попытка сохранить статус. userID=1, animeID=1, status="Просмотрено"
2025/10/25 10:58:53 Статус успешно сохранен для пользователя 1, animeID 1: Просмотрено
2025/10/25 10:58:53 Пользователь 1 пытается обновить статус аниме
2025/10/25 10:58:53 Статус аниме успешно обновлен: userID=1, animeID=1, status=Просмотрено
2025/10/25 10:58:53 Тело запроса: 
2025/10/25 10:58:53 Статус аниме обновлен: пользователь=1, animeID=1, статус=Просмотрено
2025/10/25 10:58:56 UpdateAnimeStatus вызван с параметрами: userID=1, animeID=1, status="Просмотрено"
2025/10/25 10:58:56 Успешно сохранено для userID=1, animeID=1, статус="Просмотрено"
2025/10/25 10:58:56 Попытка сохранить статус. userID=1, animeID=1, status="Просмотрено"
2025/10/25 10:58:56 Статус успешно сохранен для пользователя 1, animeID 1: Просмотрено
2025/10/25 10:58:56 Пользователь 1 пытается обновить статус аниме
2025/10/25 10:58:56 Статус аниме успешно обновлен: userID=1, animeID=1, status=Просмотрено
2025/10/25 10:58:56 Тело запроса: 
2025/10/25 10:58:56 Статус аниме обновлен: пользователь=1, animeID=1, статус=Просмотрено
2025/10/25 10:58:59 UpdateAnimeStatus вызван с параметрами: userID=1, animeID=1, status="Просмотрено"
2025/10/25 10:58:59 Успешно сохранено для userID=1, animeID=1, статус="Просмотрено"
2025/10/25 10:58:59 Попытка сохранить статус. userID=1, animeID=1, status="Просмотрено"
2025/10/25 10:58:59 Статус успешно сохранен для пользователя 1, animeID 1: Просмотрено
2025/10/25 10:58:59 Пользователь 1 пытается обновить статус аниме
2025/10/25 10:58:59 Статус аниме успешно обновлен: userID=1, animeID=1, status=Просмотрено
2025/10/25 10:58:59 Тело запроса: 
2025/10/25 10:58:59 Статус аниме обновлен: пользователь=1, animeID=1, статус=Просмотрено
2025/10/25 11:00:10 Запуск сервера
2025/10/25 11:00:11 Подключение к базе данных установлено успешно
2025/10/25 11:00:11 Сервер запущен на порту 8080
2025/10/25 11:00:11 listen tcp :8080: bind: Only one usage of each socket address (protocol/network address/port) is normally permitted.
2025/10/25 11:00:20 UpdateAnimeStatus вызван с параметрами: userID=1, animeID=1, status="Просмотрено"
2025/10/25 11:00:20 Успешно сохранено для userID=1, animeID=1, статус="Просмотрено"
2025/10/25 11:00:20 Попытка сохранить статус. userID=1, animeID=1, status="Просмотрено"
2025/10/25 11:00:20 Статус успешно сохранен для пользователя 1, animeID 1: Просмотрено
2025/10/25 11:00:20 Пользователь 1 пытается обновить статус аниме
2025/10/25 11:00:20 Статус аниме успешно обновлен: userID=1, animeID=1, status=Просмотрено
2025/10/25 11:00:20 Тело запроса: 
2025/10/25 11:00:20 Статус аниме обновлен: пользователь=1, animeID=1, статус=Просмотрено
2025/10/25 11:00:25 UpdateAnimeStatus вызван с параметрами: userID=1, animeID=1, status="Просмотрено"
2025/10/25 11:00:25 Успешно сохранено для userID=1, animeID=1, статус="Просмотрено"
2025/10/25 11:00:25 Попытка сохранить статус. userID=1, animeID=1, status="Просмотрено"
2025/10/25 11:00:25 Статус успешно сохранен для пользователя 1, animeID 1: Просмотрено
2025/10/25 11:00:25 Пользователь 1 пытается обновить статус аниме
2025/10/25 11:00:25 Статус аниме успешно обновлен: userID=1, animeID=1, status=Просмотрено
2025/10/25 11:00:25 Тело запроса: 
2025/10/25 11:00:25 Статус аниме обновлен: пользователь=1, animeID=1, статус=Просмотрено
2025/10/25 11:01:05 Запуск сервера
2025/10/25 11:01:06 Подключение к базе данных установлено успешно
2025/10/25 11:01:06 Сервер запущен на порту 8080
2025/10/25 11:01:06 listen tcp :8080: bind: Only one usage of each socket address (protocol/network address/port) is normally permitted.
2025/10/25 11:01:07 Запуск сервера
2025/10/25 11:01:07 Подключение к базе данных установлено успешно
2025/10/25 11:01:07 Сервер запущен на порту 8080
2025/10/25 11:01:07 listen tcp :8080: bind: Only one usage of each socket address (protocol/network address/port) is normally permitted.
2025/10/25 11:01:17 UpdateAnimeStatus вызван с параметрами: userID=1, animeID=1, status="Просмотрено"
2025/10/25 11:01:17 Успешно сохранено для userID=1, animeID=1, статус="Просмотрено"
2025/10/25 11:01:17 Попытка сохранить статус. userID=1, animeID=1, status="Просмотрено"
2025/10/25 11:01:17 Статус успешно сохранен для пользователя 1, animeID 1: Просмотрено
2025/10/25 11:01:17 Пользователь 1 пытается обновить статус аниме
2025/10/25 11:01:17 Статус аниме успешно обновлен: userID=1, animeID=1, status=Просмотрено
2025/10/25 11:01:17 Тело запроса: 
2025/10/25 11:01:17 Статус аниме обновлен: пользователь=1, animeID=1, статус=Просмотрено
2025/10/25 11:01:20 UpdateAnimeStatus вызван с параметрами: userID=1, animeID=1, status="Просмотрено"
2025/10/25 11:01:20 Успешно сохранено для userID=1, animeID=1, статус="Просмотрено"
2025/10/25 11:01:20 Попытка сохранить статус. userID=1, animeID=1, status="Просмотрено"
2025/10/25 11:01:20 Статус успешно сохранен для пользователя 1, animeID 1: Просмотрено
2025/10/25 11:01:20 Пользователь 1 пытается обновить статус аниме
2025/10/25 11:01:20 Статус аниме успешно обновлен: userID=1, animeID=1, status=Просмотрено
2025/10/25 11:01:20 Тело запроса: 
2025/10/25 11:01:20 Статус аниме обновлен: пользователь=1, animeID=1, статус=Просмотрено
2025/10/25 11:01:23 UpdateAnimeStatus вызван с параметрами: userID=1, animeID=1, status="Просмотрено"
2025/10/25 11:01:23 Успешно сохранено для userID=1, animeID=1, статус="Просмотрено"
2025/10/25 11:01:23 Попытка сохранить статус. userID=1, animeID=1, status="Просмотрено"
2025/10/25 11:01:23 Статус успешно сохранен для пользователя 1, animeID 1: Просмотрено
2025/10/25 11:01:23 Пользователь 1 пытается обновить статус аниме
2025/10/25 11:01:23 Статус аниме успешно обновлен: userID=1, animeID=1, status=Просмотрено
2025/10/25 11:01:23 Тело запроса: 
2025/10/25 11:01:23 Статус аниме обновлен: пользователь=1, animeID=1, статус=Просмотрено
2025/10/25 11:05:16 Запуск сервера
2025/10/25 11:05:16 Подключение к базе данных установлено успешно
2025/10/25 11:05:16 Сервер запущен на порту 8080
2025/10/25 11:05:16 listen tcp :8080: bind: Only one usage of each socket address (protocol/network address/port) is normally permitted.
2025/10/25 11:06:26 Запуск сервера
2025/10/25 11:06:26 Подключение к базе данных установлено успешно
2025/10/25 11:06:26 Сервер запущен на порту 8080
2025/10/25 11:06:26 listen tcp :8080: bind: Only one usage of each socket address (protocol/network address/port) is normally permitted.
2025/10/25 11:06:27 Запуск сервера
2025/10/25 11:06:27 Подключение к базе данных установлено успешно
2025/10/25 11:06:27 Сервер запущен на порту 8080
2025/10/25 11:06:27 listen tcp :8080: bind: Only one usage of each socket address (protocol/network address/port) is normally permitted.
2025/10/25 11:06:42 UpdateAnimeStatus вызван с параметрами: userID=1, animeID=1, status="Просмотрено"
2025/10/25 11:06:42 Успешно сохранено для userID=1, animeID=1, статус="Просмотрено"
2025/10/25 11:06:42 Попытка сохранить статус. userID=1, animeID=1, status="Просмотрено"
2025/10/25 11:06:42 Статус успешно сохранен для пользователя 1, animeID 1: Просмотрено
2025/10/25 11:06:42 Пользователь 1 пытается обновить статус аниме
2025/10/25 11:06:42 Статус аниме успешно обновлен: userID=1, animeID=1, status=Просмотрено
2025/10/25 11:06:42 Тело запроса: 
2025/10/25 11:06:42 Статус аниме обновлен: пользователь=1, animeID=1, статус=Просмотрено
2025/10/25 11:06:45 UpdateAnimeStatus вызван с параметрами: userID=1, animeID=1, status="Просмотрено"
2025/10/25 11:06:45 Успешно сохранено для userID=1, animeID=1, статус="Просмотрено"
2025/10/25 11:06:45 Попытка сохранить статус. userID=1, animeID=1, status="Просмотрено"
2025/10/25 11:06:45 Статус успешно сохранен для пользователя 1, animeID 1: Просмотрено
2025/10/25 11:06:45 Пользователь 1 пытается обновить статус аниме
2025/10/25 11:06:45 Статус аниме успешно обновлен: userID=1, animeID=1, status=Просмотрено
2025/10/25 11:06:45 Тело запроса: 
2025/10/25 11:06:45 Статус аниме обновлен: пользователь=1, animeID=1, статус=Просмотрено
2025/10/25 11:06:49 UpdateAnimeStatus вызван с параметрами: userID=1, animeID=1, status="Просмотрено"
2025/10/25 11:06:49 Успешно сохранено для userID=1, animeID=1, статус="Просмотрено"
2025/10/25 11:06:49 Попытка сохранить статус. userID=1, animeID=1, status="Просмотрено"
2025/10/25 11:06:49 Статус успешно сохранен для пользователя 1, animeID 1: Просмотрено
2025/10/25 11:06:49 Пользователь 1 пытается обновить статус аниме
2025/10/25 11:06:49 Статус аниме успешно обновлен: userID=1, animeID=1, status=Просмотрено
2025/10/25 11:06:49 Тело запроса: 
2025/10/25 11:06:49 Статус аниме обновлен: пользователь=1, animeID=1, статус=Просмотрено
2025/10/25 11:06:51 UpdateAnimeStatus вызван с параметрами: userID=1, animeID=1, status="Просмотрено"
2025/10/25 11:06:51 Успешно сохранено для userID=1, animeID=1, статус="Просмотрено"
2025/10/25 11:06:51 Попытка сохранить статус. userID=1, animeID=1, status="Просмотрено"
2025/10/25 11:06:51 Статус успешно сохранен для пользователя 1, animeID 1: Просмотрено
2025/10/25 11:06:51 Пользователь 1 пытается обновить статус аниме
2025/10/25 11:06:51 Статус аниме успешно обновлен: userID=1, animeID=1, status=Просмотрено
2025/10/25 11:06:51 Тело запроса: 
2025/10/25 11:06:51 Статус аниме обновлен: пользователь=1, animeID=1, статус=Просмотрено
2025/10/25 11:07:45 UpdateAnimeStatus вызван с параметрами: userID=1, animeID=1, status="Просмотрено"
2025/10/25 11:07:45 Успешно сохранено для userID=1, animeID=1, статус="Просмотрено"
2025/10/25 11:07:45 Попытка сохранить статус. userID=1, animeID=1, status="Просмотрено"
2025/10/25 11:07:45 Статус успешно сохранен для пользователя 1, animeID 1: Просмотрено
2025/10/25 11:07:45 Пользователь 1 пытается обновить статус аниме
2025/10/25 11:07:45 Статус аниме успешно обновлен: userID=1, animeID=1, status=Просмотрено
2025/10/25 11:07:45 Тело запроса: 
2025/10/25 11:07:45 Статус аниме обновлен: пользователь=1, animeID=1, статус=Просмотрено
2025/10/25 11:08:11 Запуск сервера
2025/10/25 11:08:12 Подключение к базе данных установлено успешно
2025/10/25 11:08:12 Сервер запущен на порту 8080
2025/10/25 11:08:12 listen tcp :8080: bind: Only one usage of each socket address (protocol/network address/port) is normally permitted.
2025/10/25 11:08:13 Запуск сервера
2025/10/25 11:08:13 Подключение к базе данных установлено успешно
2025/10/25 11:08:13 Сервер запущен на порту 8080
2025/10/25 11:08:13 listen tcp :8080: bind: Only one usage of each socket address (protocol/network address/port) is normally permitted.
2025/10/25 11:08:57 UpdateAnimeStatus вызван с параметрами: userID=1, animeID=1, status="Просмотрено"
2025/10/25 11:08:59 Успешно сохранено для userID=1, animeID=1, статус="Просмотрено"
2025/10/25 11:08:59 Попытка сохранить статус. userID=1, animeID=1, status="Просмотрено"
2025/10/25 11:08:59 Статус успешно сохранен для пользователя 1, animeID 1: Просмотрено
2025/10/25 11:08:59 Пользователь 1 пытается обновить статус аниме
2025/10/25 11:08:59 Статус аниме успешно обновлен: userID=1, animeID=1, status=Просмотрено
2025/10/25 11:08:59 Тело запроса: 
2025/10/25 11:08:59 Статус аниме обновлен: пользователь=1, animeID=1, статус=Просмотрено
2025/10/25 11:09:02 UpdateAnimeStatus вызван с параметрами: userID=1, animeID=1, status="Просмотрено"
2025/10/25 11:09:02 Успешно сохранено для userID=1, animeID=1, статус="Просмотрено"
2025/10/25 11:09:02 Попытка сохранить статус. userID=1, animeID=1, status="Просмотрено"
2025/10/25 11:09:02 Статус успешно сохранен для пользователя 1, animeID 1: Просмотрено
2025/10/25 11:09:02 Пользователь 1 пытается обновить статус аниме
2025/10/25 11:09:02 Статус аниме успешно обновлен: userID=1, animeID=1, status=Просмотрено
2025/10/25 11:09:02 Тело запроса: 
2025/10/25 11:09:02 Статус аниме обновлен: пользователь=1, animeID=1, статус=Просмотрено
2025/10/27 02:16:45 Запуск сервера
2025/10/27 02:16:45 Подключение к базе данных установлено успешно
2025/10/27 02:17:46 Запуск сервера
2025/10/27 02:17:46 Подключение к базе данных установлено успешно
2025/10/27 02:17:46 Сервер запущен на порту 8080
2025/10/27 13:33:46 Запуск сервера
2025/10/27 13:33:47 Подключение к базе данных установлено успешно
2025/10/27 13:33:47 Сервер запущен на порту 8080
2025/10/27 13:36:26 Запуск сервера
2025/10/27 13:36:26 Подключение к базе данных установлено успешно
2025/10/27 13:36:26 Сервер запущен на порту 8080
2025/10/27 13:36:40 Запуск сервера
2025/10/27 13:36:40 Подключение к базе данных установлено успешно
2025/10/27 13:36:40 Сервер запущен на порту 8080
2025/10/27 13:37:18 Запуск сервера
2025/10/27 13:37:18 Подключение к базе данных установлено успешно
2025/10/27 13:37:18 Сервер запущен на порту 8080
2025/10/27 13:39:52 Запуск сервера
2025/10/27 13:39:52 Подключение к базе данных установлено успешно
2025/10/27 13:39:52 Сервер запущен на порту 8080
2025/10/27 13:42:41 Запуск сервера
2025/10/27 13:42:41 Подключение к базе данных установлено успешно
2025/10/27 13:42:41 Сервер запущен на порту 8080
2025/10/27 13:43:56 Что-то произошло
2025/10/27 13:45:16 Запуск сервера
2025/10/27 13:45:17 Подключение к базе данных установлено успешно
2025/10/27 13:45:17 Сервер запущен на порту 8080
2025/10/27 13:45:33 Что-то произошло
2025/10/27 13:47:28 Запуск сервера
2025/10/27 13:47:29 Подключение к базе данных установлено успешно
2025/10/27 13:47:29 Сервер запущен на порту 8080
2025/10/27 13:47:42 Что-то произошло
2025/10/27 13:49:46 Запуск сервера
2025/10/27 13:49:46 Подключение к базе данных установлено успешно
2025/10/27 13:49:46 Сервер запущен на порту 8080
2025/10/27 13:53:19 Запуск сервера
2025/10/27 13:53:19 Подключение к базе данных установлено успешно
2025/10/27 13:53:19 Сервер запущен на порту 8080
2025/10/27 13:53:29 Сессия пользователя: session-1
2025/10/27 13:55:24 Запуск сервера
2025/10/27 13:55:24 Подключение к базе данных установлено успешно
2025/10/27 13:55:24 Сервер запущен на порту 8080
2025/10/27 13:57:29 Запуск сервера
2025/10/27 13:57:29 Подключение к базе данных установлено успешно
2025/10/27 13:57:29 Сервер запущен на порту 8080
2025/10/27 14:06:57 Запуск сервера
2025/10/27 14:06:57 Подключение к базе данных установлено успешно
2025/10/27 14:06:57 Сервер запущен на порту 8080
2025/10/27 14:08:40 Запуск сервера
2025/10/27 14:08:41 Подключение к базе данных установлено успешно
2025/10/27 14:08:41 Сервер запущен на порту 8080
2025/10/27 14:09:37 Запуск сервера
2025/10/27 14:09:37 Подключение к базе данных установлено успешно
2025/10/27 14:09:37 Сервер запущен на порту 8080
2025/10/27 14:09:46 Сессия пользователя: session-1
2025/10/27 14:09:46 UpdateAnimeStatus вызван с параметрами: userID=1, animeID=2, status="Смотрю"
2025/10/27 14:09:46 Успешно сохранено для userID=1, animeID=2, статус="Смотрю"
2025/10/27 14:09:46 Попытка сохранить статус. userID=1, animeID=2, status="Смотрю"
2025/10/27 14:09:46 Статус успешно сохранен для пользователя 1, animeID 2: Смотрю
2025/10/27 14:09:46 Статус аниме успешно обновлен: userID=1, animeID=2, status=Смотрю
2025/10/27 14:10:25 Запуск сервера
2025/10/27 14:10:25 Подключение к базе данных установлено успешно
2025/10/27 14:10:25 Сервер запущен на порту 8080
2025/10/27 14:11:34 Запуск сервера
2025/10/27 14:11:34 Подключение к базе данных установлено успешно
2025/10/27 14:11:34 Сервер запущен на порту 8080
2025/10/27 14:11:55 Запуск сервера
2025/10/27 14:11:55 Подключение к базе данных установлено успешно
2025/10/27 14:11:55 Сервер запущен на порту 8080
2025/10/27 14:12:02 Запуск сервера
2025/10/27 14:12:03 Подключение к базе данных установлено успешно
2025/10/27 14:12:03 Сервер запущен на порту 8080
2025/10/27 14:12:14 Сессия пользователя: session-1
2025/10/27 14:12:14 UpdateAnimeStatus вызван с параметрами: userID=1, animeID=0, status="Смотрю"
2025/10/27 14:12:14 Ошибка выполнения SQL для пользователя 1, animeID 0, статус "Смотрю": pq: INSERT или UPDATE в таблице "user_anime_status" нарушает ограничение внешнего ключа "user_anime_status_anime_id_fkey"
2025/10/27 14:12:14 Попытка сохранить статус. userID=1, animeID=0, status="Смотрю"
2025/10/27 14:12:14 Ошибка сохранения статуса в репозитории для пользователя 1: pq: INSERT или UPDATE в таблице "user_anime_status" нарушает ограничение внешнего ключа "user_anime_status_anime_id_fkey"
2025/10/28 12:45:02 Запуск сервера
2025/10/28 12:45:03 Подключение к базе данных установлено успешно
2025/10/28 12:45:03 Сервер запущен на порту 8080
2025/10/28 12:45:49 Сессия пользователя: session-1
2025/10/28 12:45:49 UpdateAnimeStatus вызван с параметрами: userID=1, animeID=0, status="Смотрю"
2025/10/28 12:45:49 Ошибка выполнения SQL для пользователя 1, animeID 0, статус "Смотрю": pq: INSERT или UPDATE в таблице "user_anime_status" нарушает ограничение внешнего ключа "user_anime_status_anime_id_fkey"
2025/10/28 12:45:49 Попытка сохранить статус. userID=1, animeID=0, status="Смотрю"
2025/10/28 12:45:49 Ошибка сохранения статуса в репозитории для пользователя 1: pq: INSERT или UPDATE в таблице "user_anime_status" нарушает ограничение внешнего ключа "user_anime_status_anime_id_fkey"
2025/10/28 12:57:51 Сессия пользователя: session-1
2025/10/28 12:57:51 UpdateAnimeStatus вызван с параметрами: userID=1, animeID=0, status="Просмотрено"
2025/10/28 12:57:53 Ошибка выполнения SQL для пользователя 1, animeID 0, статус "Просмотрено": pq: INSERT или UPDATE в таблице "user_anime_status" нарушает ограничение внешнего ключа "user_anime_status_animes_id_fkey"
2025/10/28 12:57:53 Попытка сохранить статус. userID=1, animeID=0, status="Просмотрено"
2025/10/28 12:57:53 Ошибка сохранения статуса в репозитории для пользователя 1: pq: INSERT или UPDATE в таблице "user_anime_status" нарушает ограничение внешнего ключа "user_anime_status_animes_id_fkey"
2025/10/28 12:58:33 Запуск сервера
2025/10/28 12:58:33 Подключение к базе данных установлено успешно
2025/10/28 12:58:33 Сервер запущен на порту 8080
2025/10/28 12:58:47 Сессия пользователя: session-1
2025/10/28 12:58:47 UpdateAnimeStatus вызван с параметрами: userID=1, animeID=0, status="Просмотрено"
2025/10/28 12:58:47 Ошибка выполнения SQL для пользователя 1, animeID 0, статус "Просмотрено": pq: INSERT или UPDATE в таблице "user_anime_status" нарушает ограничение внешнего ключа "user_anime_status_animes_id_fkey"
2025/10/28 12:58:47 Попытка сохранить статус. userID=1, animeID=0, status="Просмотрено"
2025/10/28 12:58:47 Ошибка сохранения статуса в репозитории для пользователя 1: pq: INSERT или UPDATE в таблице "user_anime_status" нарушает ограничение внешнего ключа "user_anime_status_animes_id_fkey"
2025/10/28 13:02:28 Запуск сервера
2025/10/28 13:02:28 Подключение к базе данных установлено успешно
2025/10/28 13:02:28 Сервер запущен на порту 8080
2025/10/28 13:11:31 Запуск сервера
2025/10/28 13:11:31 Подключение к базе данных установлено успешно
2025/10/28 13:11:31 Сервер запущен на порту 8080
2025/10/28 13:12:19 Запуск сервера
2025/10/28 13:12:20 Подключение к базе данных установлено успешно
2025/10/28 13:12:20 Сервер запущен на порту 8080
2025/10/28 13:14:53 Запуск сервера
2025/10/28 13:14:54 Подключение к базе данных установлено успешно
2025/10/28 13:14:54 Сервер запущен на порту 8080
2025/10/28 13:16:38 Запуск сервера
2025/10/28 13:16:38 Подключение к базе данных установлено успешно
2025/10/28 13:16:38 Сервер запущен на порту 8080
2025/10/28 13:16:50 Сессия пользователя: session-1
2025/10/28 13:16:50 UpdateAnimeStatus вызван с параметрами: userID=1, animeID=0, status="Смотрю"
2025/10/28 13:16:50 Ошибка выполнения SQL для пользователя 1, animeID 0, статус "Смотрю": pq: INSERT или UPDATE в таблице "user_anime_status" нарушает ограничение внешнего ключа "user_anime_status_animes_id_fkey"
2025/10/28 13:16:50 Попытка сохранить статус. userID=1, animeID=0, status="Смотрю"
2025/10/28 13:16:50 Ошибка сохранения статуса в репозитории для пользователя 1: pq: INSERT или UPDATE в таблице "user_anime_status" нарушает ограничение внешнего ключа "user_anime_status_animes_id_fkey"
2025/10/28 13:18:01 Запуск сервера
2025/10/28 13:18:01 Подключение к базе данных установлено успешно
2025/10/28 13:18:01 Сервер запущен на порту 8080
2025/10/28 13:18:14 Запуск сервера
2025/10/28 13:18:14 Подключение к базе данных установлено успешно
2025/10/28 13:18:14 Сервер запущен на порту 8080
2025/10/28 13:18:24 Сессия пользователя: session-1
2025/10/28 13:18:24 UpdateAnimeStatus вызван с параметрами: userID=1, animeID=0, status="Смотрю"
2025/10/28 13:18:24 Ошибка выполнения SQL для пользователя 1, animeID 0, статус "Смотрю": pq: INSERT или UPDATE в таблице "user_anime_status" нарушает ограничение внешнего ключа "user_anime_status_animes_id_fkey"
2025/10/28 13:18:24 Попытка сохранить статус. userID=1, animeID=0, status="Смотрю"
2025/10/28 13:18:24 Ошибка сохранения статуса в репозитории для пользователя 1: pq: INSERT или UPDATE в таблице "user_anime_status" нарушает ограничение внешнего ключа "user_anime_status_animes_id_fkey"
2025/10/28 13:19:20 Запуск сервера
2025/10/28 13:19:20 Подключение к базе данных установлено успешно
2025/10/28 13:19:20 Сервер запущен на порту 8080
2025/10/28 13:19:34 Сессия пользователя: session-1
2025/10/28 13:19:34 UpdateAnimeStatus вызван с параметрами: userID=1, animeID=0, status="Никогда не посмотрю"
2025/10/28 13:19:34 Ошибка выполнения SQL для пользователя 1, animeID 0, статус "Никогда не посмотрю": pq: INSERT или UPDATE в таблице "user_anime_status" нарушает ограничение внешнего ключа "user_anime_status_animes_id_fkey"
2025/10/28 13:19:34 Попытка сохранить статус. userID=1, animeID=0, status="Никогда не посмотрю"
2025/10/28 13:19:34 Ошибка сохранения статуса в репозитории для пользователя 1: pq: INSERT или UPDATE в таблице "user_anime_status" нарушает ограничение внешнего ключа "user_anime_status_animes_id_fkey"
2025/10/28 13:21:00 Запуск сервера
2025/10/28 13:21:00 Подключение к базе данных установлено успешно
2025/10/28 13:21:00 Сервер запущен на порту 8080
2025/10/28 13:21:09 Сессия пользователя: session-1
2025/10/28 13:21:09 UpdateAnimeStatus вызван с параметрами: userID=1, animeID=0, status="Просмотрено"
2025/10/28 13:21:09 Ошибка выполнения SQL для пользователя 1, animeID 0, статус "Просмотрено": pq: INSERT или UPDATE в таблице "user_anime_status" нарушает ограничение внешнего ключа "user_anime_status_animes_id_fkey"
2025/10/28 13:21:09 Попытка сохранить статус. userID=1, animeID=0, status="Просмотрено"
2025/10/28 13:21:09 Ошибка сохранения статуса в репозитории для пользователя 1: pq: INSERT или UPDATE в таблице "user_anime_status" нарушает ограничение внешнего ключа "user_anime_status_animes_id_fkey"
2025/10/28 13:21:28 Запуск сервера
2025/10/28 13:21:28 Подключение к базе данных установлено успешно
2025/10/28 13:21:28 Сервер запущен на порту 8080
2025/10/29 00:52:00 Запуск сервера
2025/10/29 00:52:00 Подключение к базе данных установлено успешно
2025/10/29 00:52:00 Сервер запущен на порту 8080
2025/10/29 00:52:20 Сессия пользователя: session-1
2025/10/29 00:52:20 UpdateAnimeStatus вызван с параметрами: userID=1, animeID=0, status="Смотрю"
2025/10/29 00:52:20 Ошибка выполнения SQL для пользователя 1, animeID 0, статус "Смотрю": pq: INSERT или UPDATE в таблице "user_anime_status" нарушает ограничение внешнего ключа "user_anime_status_animes_id_fkey"
2025/10/29 00:52:20 Попытка сохранить статус. userID=1, animeID=0, status="Смотрю"
2025/10/29 00:52:20 Ошибка сохранения статуса в репозитории для пользователя 1: pq: INSERT или UPDATE в таблице "user_anime_status" нарушает ограничение внешнего ключа "user_anime_status_animes_id_fkey"
2025/10/29 01:13:58 Запуск сервера
2025/10/29 01:13:58 Подключение к базе данных установлено успешно
2025/10/29 01:13:58 Сервер запущен на порту 8080
2025/10/29 01:14:10 Сессия пользователя: session-1
2025/10/29 01:14:10 UpdateAnimeStatus вызван с параметрами: userID=1, animeID=0, status="Смотрю"
2025/10/29 01:20:00 Запуск сервера
2025/10/29 01:20:00 Подключение к базе данных установлено успешно
2025/10/29 01:20:00 Сервер запущен на порту 8080
2025/10/29 01:21:19 Запуск сервера
2025/10/29 01:21:19 Подключение к базе данных установлено успешно
2025/10/29 01:21:19 Сервер запущен на порту 8080
2025/10/29 01:21:22 Запуск сервера
2025/10/29 01:21:22 Подключение к базе данных установлено успешно
2025/10/29 01:21:22 Сервер запущен на порту 8080
2025/10/29 01:21:46 Сессия пользователя: session-1
2025/10/29 01:21:46 UpdateAnimeStatus вызван с параметрами: userID=1, animeID=0, status="Смотрю"
2025/10/29 01:27:05 Запуск сервера
2025/10/29 01:27:05 Подключение к базе данных установлено успешно
2025/10/29 01:27:05 Сервер запущен на порту 8080
2025/10/29 01:29:32 Запуск сервера
2025/10/29 01:29:32 Подключение к базе данных установлено успешно
2025/10/29 01:29:32 Сервер запущен на порту 8080
2025/10/29 01:29:41 Сессия пользователя: session-1
2025/10/29 01:32:45 Запуск сервера
2025/10/29 01:32:45 Подключение к базе данных установлено успешно
2025/10/29 01:32:45 Сервер запущен на порту 8080
2025/10/29 01:32:53 Сессия пользователя: session-1
2025/10/29 01:33:57 Запуск сервера
2025/10/29 01:33:57 Подключение к базе данных установлено успешно
2025/10/29 01:33:57 Сервер запущен на порту 8080
2025/10/29 01:34:07 Сессия пользователя: session-1
2025/10/29 01:34:07 UpdateAnimeStatus вызван с параметрами: userID=1, animeID=0, status="Планирую"
2025/10/29 01:36:10 Запуск сервера
2025/10/29 01:36:10 Подключение к базе данных установлено успешно
2025/10/29 01:36:10 Сервер запущен на порту 8080
2025/10/29 01:36:18 Сессия пользователя: session-1
2025/10/29 01:36:18 UpdateAnimeStatus вызван с параметрами: userID=1, animeID=0, status="Планирую"
2025/10/29 01:37:02 Запуск сервера
2025/10/29 01:37:02 Подключение к базе данных установлено успешно
2025/10/29 01:37:02 Сервер запущен на порту 8080
2025/10/29 01:37:19 Сессия пользователя: session-1
2025/10/29 01:37:19 UpdateAnimeStatus вызван с параметрами: userID=1, animeID=0, status="Планирую"
2025/10/29 01:45:49 Запуск сервера
2025/10/29 01:45:49 Подключение к базе данных установлено успешно
2025/10/29 01:45:49 Сервер запущен на порту 8080
2025/10/29 01:45:59 Сессия пользователя: session-1
2025/10/29 01:45:59 Received anime_id: ""
2025/10/29 01:45:59 Failed to convert anime_id: strconv.Atoi: parsing "": invalid syntax
2025/10/29 01:47:26 Запуск сервера
2025/10/29 01:47:26 Подключение к базе данных установлено успешно
2025/10/29 01:47:26 Сервер запущен на порту 8080
2025/10/29 01:47:34 Сессия пользователя: session-1
2025/10/29 01:47:34 Received anime_id: ""
2025/10/29 01:47:34 Failed to convert anime_id: strconv.Atoi: parsing "": invalid syntax
2025/10/29 01:48:41 Запуск сервера
2025/10/29 01:48:41 Подключение к базе данных установлено успешно
2025/10/29 01:48:41 Сервер запущен на порту 8080
2025/10/29 01:48:42 Запуск сервера
2025/10/29 01:48:42 Подключение к базе данных установлено успешно
2025/10/29 01:48:42 Сервер запущен на порту 8080
2025/10/29 01:49:05 Запуск сервера
2025/10/29 01:49:06 Подключение к базе данных установлено успешно
2025/10/29 01:49:06 Сервер запущен на порту 8080
2025/10/29 01:49:14 Request body: {"animeID":"4","status":"Смотрю"}
2025/10/29 01:49:14 Сессия пользователя: session-1
2025/10/29 01:49:14 Received anime_id: ""
2025/10/29 01:49:14 Failed to convert anime_id: strconv.Atoi: parsing "": invalid syntax
2025/10/29 01:50:20 Запуск сервера
2025/10/29 01:50:20 Подключение к базе данных установлено успешно
2025/10/29 01:50:20 Сервер запущен на порту 8080
2025/10/29 01:50:28 Request body: {"animeID":"5","status":"Смотрю"}
2025/10/29 01:50:28 Сессия пользователя: session-1
2025/10/29 01:50:28 Received anime_id: "5"
2025/10/29 01:50:28 Parsed anime_id: 5
2025/10/29 01:50:28 Ошибка выполнения SQL для пользователя 1, animeID 5, статус "Смотрю": pq: INSERT или UPDATE в таблице "user_anime_status" нарушает ограничение внешнего ключа "fk_user_id"
2025/10/29 01:50:28 Попытка сохранить статус. userID=1, animeID=5, status="Смотрю"
2025/10/29 01:54:28 Запуск сервера
2025/10/29 01:54:28 Подключение к базе данных установлено успешно
2025/10/29 01:54:28 Сервер запущен на порту 8080
2025/10/29 01:54:36 Request body: {"animeID":"4","status":"Смотрю"}
2025/10/29 01:54:36 Сессия пользователя: session-1
2025/10/29 01:54:36 Received anime_id: "4"
2025/10/29 01:54:36 Parsed anime_id: 4
2025/10/29 01:54:36 Ошибка выполнения SQL для пользователя 1, animeID 4, статус "Смотрю": pq: INSERT или UPDATE в таблице "user_anime_status" нарушает ограничение внешнего ключа "user_anime_id_user_id_fk"
2025/10/29 01:54:36 Попытка сохранить статус. userID=1, animeID=4, status="Смотрю"
2025/10/29 01:56:21 Запуск сервера
2025/10/29 01:56:22 Подключение к базе данных установлено успешно
2025/10/29 01:56:22 Сервер запущен на порту 8080
2025/10/29 01:58:13 Запуск сервера
2025/10/29 01:58:14 Подключение к базе данных установлено успешно
2025/10/29 01:58:14 Сервер запущен на порту 8080
2025/10/29 01:58:23 Request body: {"animeID":"3","status":"Никогда не посмотрю"}
2025/10/29 01:58:23 Сессия пользователя: session-1
2025/10/29 01:58:23 Received anime_id: "3"
2025/10/29 01:58:23 Parsed anime_id: 3
2025/10/29 01:58:23 Успешно сохранено для userID=1, animeID=3, статус="Никогда не посмотрю"
2025/10/29 01:58:23 Попытка сохранить статус. userID=1, animeID=3, status="Никогда не посмотрю"
2025/10/29 01:58:23 userID из сессии: 1
2025/10/29 01:58:23 UpdateAnimeStatus вызван с параметрами: userID=1, animeID=3, status="Никогда не посмотрю"
2025/10/29 01:58:23 Успешно сохранено для userID=1, animeID=3, статус="Никогда не посмотрю"
2025/10/29 01:58:23 Попытка сохранить статус. userID=1, animeID=3, status="Никогда не посмотрю"
2025/10/29 01:58:32 Request body: {"animeID":"3","status":"Смотрю"}
2025/10/29 01:58:32 Сессия пользователя: session-1
2025/10/29 01:58:32 Received anime_id: "3"
2025/10/29 01:58:32 Parsed anime_id: 3
2025/10/29 01:58:32 Успешно сохранено для userID=1, animeID=3, статус="Смотрю"
2025/10/29 01:58:32 Попытка сохранить статус. userID=1, animeID=3, status="Смотрю"
2025/10/29 01:58:32 userID из сессии: 1
2025/10/29 01:58:32 UpdateAnimeStatus вызван с параметрами: userID=1, animeID=3, status="Смотрю"
2025/10/29 01:58:32 Успешно сохранено для userID=1, animeID=3, статус="Смотрю"
2025/10/29 01:58:32 Попытка сохранить статус. userID=1, animeID=3, status="Смотрю"
2025/10/29 01:58:55 Request body: {"animeID":"2","status":"Просмотрено"}
2025/10/29 01:58:55 Сессия пользователя: session-1
2025/10/29 01:58:55 Received anime_id: "2"
2025/10/29 01:58:55 Parsed anime_id: 2
2025/10/29 01:58:55 Успешно сохранено для userID=1, animeID=2, статус="Просмотрено"
2025/10/29 01:58:55 Попытка сохранить статус. userID=1, animeID=2, status="Просмотрено"
2025/10/29 01:58:55 userID из сессии: 1
2025/10/29 01:58:55 UpdateAnimeStatus вызван с параметрами: userID=1, animeID=2, status="Просмотрено"
2025/10/29 01:58:55 Успешно сохранено для userID=1, animeID=2, статус="Просмотрено"
2025/10/29 01:58:55 Попытка сохранить статус. userID=1, animeID=2, status="Просмотрено"
2025/10/29 02:05:36 Request body: {"animeID":"4","status":"Планирую"}
2025/10/29 02:05:36 Сессия пользователя: session-1
2025/10/29 02:05:36 Received anime_id: "4"
2025/10/29 02:05:36 Parsed anime_id: 4
2025/10/29 02:05:36 Ошибка выполнения SQL для пользователя 1, animeID 4, статус "Планирую": pq: INSERT или UPDATE в таблице "user_anime_status" нарушает ограничение внешнего ключа "user_anime_id_user_id_fk"
2025/10/29 02:05:36 Попытка сохранить статус. userID=1, animeID=4, status="Планирую"
2025/10/29 02:06:24 Запуск сервера
2025/10/29 02:06:24 Подключение к базе данных установлено успешно
2025/10/29 02:06:24 Сервер запущен на порту 8080
2025/10/29 02:06:34 Request body: {"animeID":"5","status":"Смотрю"}
2025/10/29 02:06:34 Сессия пользователя: session-1
2025/10/29 02:06:34 Received anime_id: "5"
2025/10/29 02:06:34 Parsed anime_id: 5
2025/10/29 02:06:34 Ошибка выполнения SQL для пользователя 1, animeID 5, статус "Смотрю": pq: INSERT или UPDATE в таблице "user_anime_status" нарушает ограничение внешнего ключа "user_anime_id_user_id_fk"
2025/10/29 02:06:34 Попытка сохранить статус. userID=1, animeID=5, status="Смотрю"
2025/10/29 22:33:31 Запуск сервера
2025/10/29 22:33:31 Подключение к базе данных установлено успешно
2025/10/29 22:33:31 Сервер запущен на порту 8080
2025/10/29 22:33:57 Request body: {"animeID":"1","status":"Смотрю"}
2025/10/29 22:33:57 Сессия пользователя: session-1
2025/10/29 22:33:57 Received anime_id: "1"
2025/10/29 22:33:57 Parsed anime_id: 1
2025/10/29 22:33:57 Успешно сохранено для userID=1, animeID=1, статус="Смотрю"
2025/10/29 22:33:57 Попытка сохранить статус. userID=1, animeID=1, status="Смотрю"
2025/10/29 22:33:57 userID из сессии: 1
2025/10/29 22:33:57 UpdateAnimeStatus вызван с параметрами: userID=1, animeID=1, status="Смотрю"
2025/10/29 22:33:57 Успешно сохранено для userID=1, animeID=1, статус="Смотрю"
2025/10/29 22:33:57 Попытка сохранить статус. userID=1, animeID=1, status="Смотрю"
2025/10/29 22:35:09 Request body: {"animeID":"2","status":"Планирую"}
2025/10/29 22:35:09 Сессия пользователя: session-1
2025/10/29 22:35:09 Received anime_id: "2"
2025/10/29 22:35:09 Parsed anime_id: 2
2025/10/29 22:35:09 Успешно сохранено для userID=1, animeID=2, статус="Планирую"
2025/10/29 22:35:09 Попытка сохранить статус. userID=1, animeID=2, status="Планирую"
2025/10/29 22:35:09 userID из сессии: 1
2025/10/29 22:35:09 UpdateAnimeStatus вызван с параметрами: userID=1, animeID=2, status="Планирую"
2025/10/29 22:35:09 Успешно сохранено для userID=1, animeID=2, статус="Планирую"
2025/10/29 22:35:09 Попытка сохранить статус. userID=1, animeID=2, status="Планирую"
2025/10/29 22:36:21 Request body: {"animeID":"7","status":"Никогда не посмотрю"}
2025/10/29 22:36:21 Сессия пользователя: session-1
2025/10/29 22:36:21 Received anime_id: "7"
2025/10/29 22:36:21 Parsed anime_id: 7
2025/10/29 22:36:21 Ошибка выполнения SQL для пользователя 1, animeID 7, статус "Никогда не посмотрю": pq: INSERT или UPDATE в таблице "user_anime_status" нарушает ограничение внешнего ключа "user_anime_id_user_id_fk"
2025/10/29 22:36:21 Попытка сохранить статус. userID=1, animeID=7, status="Никогда не посмотрю"
2025/10/29 22:37:44 Запуск сервера
2025/10/29 22:37:44 Подключение к базе данных установлено успешно
2025/10/29 22:37:44 Сервер запущен на порту 8080
2025/10/29 22:37:58 Request body: {"animeID":"2","status":"Планирую"}
2025/10/29 22:37:58 Сессия пользователя: session-1
2025/10/29 22:37:58 Received anime_id: "2"
2025/10/29 22:37:58 Parsed anime_id: 2
2025/10/29 22:37:58 Успешно сохранено для userID=1, animeID=2, статус="Планирую"
2025/10/29 22:37:58 Попытка сохранить статус. userID=1, animeID=2, status="Планирую"
2025/10/29 22:37:58 userID из сессии: 1
2025/10/29 22:37:58 UpdateAnimeStatus вызван с параметрами: userID=1, animeID=2, status="Планирую"
2025/10/29 22:37:58 Успешно сохранено для userID=1, animeID=2, статус="Планирую"
2025/10/29 22:37:58 Попытка сохранить статус. userID=1, animeID=2, status="Планирую"
2025/10/29 22:38:02 Request body: {"animeID":"16","status":"Просмотрено"}
2025/10/29 22:38:02 Сессия пользователя: session-1
2025/10/29 22:38:02 Received anime_id: "16"
2025/10/29 22:38:02 Parsed anime_id: 16
2025/10/29 22:38:02 Ошибка выполнения SQL для пользователя 1, animeID 16, статус "Просмотрено": pq: INSERT или UPDATE в таблице "user_anime_status" нарушает ограничение внешнего ключа "user_anime_id_user_id_fk"
2025/10/29 22:38:02 Попытка сохранить статус. userID=1, animeID=16, status="Просмотрено"
2025/10/29 22:38:08 Request body: {"animeID":"1","status":"Никогда не посмотрю"}
2025/10/29 22:38:08 Сессия пользователя: session-1
2025/10/29 22:38:08 Received anime_id: "1"
2025/10/29 22:38:08 Parsed anime_id: 1
2025/10/29 22:38:08 Успешно сохранено для userID=1, animeID=1, статус="Никогда не посмотрю"
2025/10/29 22:38:08 Попытка сохранить статус. userID=1, animeID=1, status="Никогда не посмотрю"
2025/10/29 22:38:08 userID из сессии: 1
2025/10/29 22:38:08 UpdateAnimeStatus вызван с параметрами: userID=1, animeID=1, status="Никогда не посмотрю"
2025/10/29 22:38:08 Успешно сохранено для userID=1, animeID=1, статус="Никогда не посмотрю"
2025/10/29 22:38:08 Попытка сохранить статус. userID=1, animeID=1, status="Никогда не посмотрю"
2025/10/29 22:38:10 Request body: {"animeID":"2","status":"Просмотрено"}
2025/10/29 22:38:10 Сессия пользователя: session-1
2025/10/29 22:38:10 Received anime_id: "2"
2025/10/29 22:38:10 Parsed anime_id: 2
2025/10/29 22:38:10 Успешно сохранено для userID=1, animeID=2, статус="Просмотрено"
2025/10/29 22:38:10 Попытка сохранить статус. userID=1, animeID=2, status="Просмотрено"
2025/10/29 22:38:10 userID из сессии: 1
2025/10/29 22:38:10 UpdateAnimeStatus вызван с параметрами: userID=1, animeID=2, status="Просмотрено"
2025/10/29 22:38:10 Успешно сохранено для userID=1, animeID=2, статус="Просмотрено"
2025/10/29 22:38:10 Попытка сохранить статус. userID=1, animeID=2, status="Просмотрено"
2025/10/29 22:38:13 Request body: {"animeID":"3","status":"Смотрю"}
2025/10/29 22:38:13 Сессия пользователя: session-1
2025/10/29 22:38:13 Received anime_id: "3"
2025/10/29 22:38:13 Parsed anime_id: 3
2025/10/29 22:38:13 Успешно сохранено для userID=1, animeID=3, статус="Смотрю"
2025/10/29 22:38:13 Попытка сохранить статус. userID=1, animeID=3, status="Смотрю"
2025/10/29 22:38:13 userID из сессии: 1
2025/10/29 22:38:13 UpdateAnimeStatus вызван с параметрами: userID=1, animeID=3, status="Смотрю"
2025/10/29 22:38:13 Успешно сохранено для userID=1, animeID=3, статус="Смотрю"
2025/10/29 22:38:13 Попытка сохранить статус. userID=1, animeID=3, status="Смотрю"
2025/10/29 22:38:15 Request body: {"animeID":"4","status":"Смотрю"}
2025/10/29 22:38:15 Сессия пользователя: session-1
2025/10/29 22:38:15 Received anime_id: "4"
2025/10/29 22:38:15 Parsed anime_id: 4
2025/10/29 22:38:15 Ошибка выполнения SQL для пользователя 1, animeID 4, статус "Смотрю": pq: INSERT или UPDATE в таблице "user_anime_status" нарушает ограничение внешнего ключа "user_anime_id_user_id_fk"
2025/10/29 22:38:15 Попытка сохранить статус. userID=1, animeID=4, status="Смотрю"
2025/10/29 22:54:09 Request body: {"animeID":"5","status":"Смотрю"}
2025/10/29 22:54:09 Сессия пользователя: session-1
2025/10/29 22:54:09 Received anime_id: "5"
2025/10/29 22:54:09 Parsed anime_id: 5
2025/10/29 22:54:09 Ошибка выполнения SQL для пользователя 1, animeID 5, статус "Смотрю": pq: INSERT или UPDATE в таблице "user_anime_status" нарушает ограничение внешнего ключа "user_anime_id_user_id_fk"
2025/10/29 22:54:09 Попытка сохранить статус. userID=1, animeID=5, status="Смотрю"
2025/10/29 23:09:18 Запуск сервера
2025/10/29 23:09:19 Подключение к базе данных установлено успешно
2025/10/29 23:09:19 Сервер запущен на порту 8080
2025/10/29 23:09:27 Request body: {"animeID":"2","status":"Смотрю"}
2025/10/29 23:09:27 Сессия пользователя: session-1
2025/10/29 23:09:27 Received anime_id: "2"
2025/10/29 23:09:27 Parsed anime_id: 2
2025/10/29 23:09:27 Успешно сохранено для userID=1, animeID=2, статус="Смотрю"
2025/10/29 23:09:27 Попытка сохранить статус. userID=1, animeID=2, status="Смотрю"
2025/10/29 23:09:27 userID из сессии: 1
2025/10/29 23:09:27 UpdateAnimeStatus вызван с параметрами: userID=1, animeID=2, status="Смотрю"
2025/10/29 23:09:27 Успешно сохранено для userID=1, animeID=2, статус="Смотрю"
2025/10/29 23:09:27 Попытка сохранить статус. userID=1, animeID=2, status="Смотрю"
2025/10/29 23:09:30 Request body: {"animeID":"7","status":"Смотрю"}
2025/10/29 23:09:30 Сессия пользователя: session-1
2025/10/29 23:09:30 Received anime_id: "7"
2025/10/29 23:09:30 Parsed anime_id: 7
2025/10/29 23:09:30 Успешно сохранено для userID=1, animeID=7, статус="Смотрю"
2025/10/29 23:09:30 Попытка сохранить статус. userID=1, animeID=7, status="Смотрю"
2025/10/29 23:09:30 userID из сессии: 1
2025/10/29 23:09:30 UpdateAnimeStatus вызван с параметрами: userID=1, animeID=7, status="Смотрю"
2025/10/29 23:09:30 Успешно сохранено для userID=1, animeID=7, статус="Смотрю"
2025/10/29 23:09:30 Попытка сохранить статус. userID=1, animeID=7, status="Смотрю"
2025/10/29 23:10:00 Request body: {"animeID":"9","status":"Планирую"}
2025/10/29 23:10:00 Сессия пользователя: session-1
2025/10/29 23:10:00 Received anime_id: "9"
2025/10/29 23:10:00 Parsed anime_id: 9
2025/10/29 23:10:00 Успешно сохранено для userID=1, animeID=9, статус="Планирую"
2025/10/29 23:10:00 Попытка сохранить статус. userID=1, animeID=9, status="Планирую"
2025/10/29 23:10:00 userID из сессии: 1
2025/10/29 23:10:00 UpdateAnimeStatus вызван с параметрами: userID=1, animeID=9, status="Планирую"
2025/10/29 23:10:00 Успешно сохранено для userID=1, animeID=9, статус="Планирую"
2025/10/29 23:10:00 Попытка сохранить статус. userID=1, animeID=9, status="Планирую"
2025/10/29 23:10:08 Request body: {"animeID":"5","status":"Смотрю"}
2025/10/29 23:10:08 Сессия пользователя: session-1
2025/10/29 23:10:08 Received anime_id: "5"
2025/10/29 23:10:08 Parsed anime_id: 5
2025/10/29 23:10:08 Успешно сохранено для userID=1, animeID=5, статус="Смотрю"
2025/10/29 23:10:08 Попытка сохранить статус. userID=1, animeID=5, status="Смотрю"
2025/10/29 23:10:08 userID из сессии: 1
2025/10/29 23:10:08 UpdateAnimeStatus вызван с параметрами: userID=1, animeID=5, status="Смотрю"
2025/10/29 23:10:08 Успешно сохранено для userID=1, animeID=5, статус="Смотрю"
2025/10/29 23:10:08 Попытка сохранить статус. userID=1, animeID=5, status="Смотрю"
2025/10/29 23:10:33 Request body: {"animeID":"7","status":"Смотрю"}
2025/10/29 23:10:33 Сессия пользователя: session-1
2025/10/29 23:10:33 Received anime_id: "7"
2025/10/29 23:10:33 Parsed anime_id: 7
2025/10/29 23:10:33 Успешно сохранено для userID=1, animeID=7, статус="Смотрю"
2025/10/29 23:10:33 Попытка сохранить статус. userID=1, animeID=7, status="Смотрю"
2025/10/29 23:10:33 userID из сессии: 1
2025/10/29 23:10:33 UpdateAnimeStatus вызван с параметрами: userID=1, animeID=7, status="Смотрю"
2025/10/29 23:10:33 Успешно сохранено для userID=1, animeID=7, статус="Смотрю"
2025/10/29 23:10:33 Попытка сохранить статус. userID=1, animeID=7, status="Смотрю"
2025/10/29 23:10:35 Request body: {"animeID":"14","status":"Никогда не посмотрю"}
2025/10/29 23:10:35 Сессия пользователя: session-1
2025/10/29 23:10:35 Received anime_id: "14"
2025/10/29 23:10:35 Parsed anime_id: 14
2025/10/29 23:10:35 Успешно сохранено для userID=1, animeID=14, статус="Никогда не посмотрю"
2025/10/29 23:10:35 Попытка сохранить статус. userID=1, animeID=14, status="Никогда не посмотрю"
2025/10/29 23:10:35 userID из сессии: 1
2025/10/29 23:10:35 UpdateAnimeStatus вызван с параметрами: userID=1, animeID=14, status="Никогда не посмотрю"
2025/10/29 23:10:35 Успешно сохранено для userID=1, animeID=14, статус="Никогда не посмотрю"
2025/10/29 23:10:35 Попытка сохранить статус. userID=1, animeID=14, status="Никогда не посмотрю"
2025/10/29 23:10:40 Request body: {"animeID":"19","status":"Просмотрено"}
2025/10/29 23:10:40 Сессия пользователя: session-1
2025/10/29 23:10:40 Received anime_id: "19"
2025/10/29 23:10:40 Parsed anime_id: 19
2025/10/29 23:10:40 Успешно сохранено для userID=1, animeID=19, статус="Просмотрено"
2025/10/29 23:10:40 Попытка сохранить статус. userID=1, animeID=19, status="Просмотрено"
2025/10/29 23:10:40 userID из сессии: 1
2025/10/29 23:10:40 UpdateAnimeStatus вызван с параметрами: userID=1, animeID=19, status="Просмотрено"
2025/10/29 23:10:40 Успешно сохранено для userID=1, animeID=19, статус="Просмотрено"
2025/10/29 23:10:40 Попытка сохранить статус. userID=1, animeID=19, status="Просмотрено"
2025/10/29 23:22:32 Запуск сервера
2025/10/29 23:22:32 Подключение к базе данных установлено успешно
2025/10/29 23:22:32 Сервер запущен на порту 8080
2025/10/29 23:22:41 Запуск сервера
2025/10/29 23:22:41 Подключение к базе данных установлено успешно
2025/10/29 23:22:41 Сервер запущен на порту 8080
2025/10/29 23:22:53 Request body: {"animeID":"23","status":"Просмотрено"}
2025/10/29 23:22:53 Сессия пользователя: session-1
2025/10/29 23:22:53 Received anime_id: "23"
2025/10/29 23:22:53 Parsed anime_id: 23
2025/10/29 23:22:53 Успешно сохранено для userID=1, animeID=23, статус="Просмотрено"
2025/10/29 23:22:53 Попытка сохранить статус. userID=1, animeID=23, status="Просмотрено"
2025/10/29 23:22:53 userID из сессии: 1
2025/10/29 23:22:53 UpdateAnimeStatus вызван с параметрами: userID=1, animeID=23, status="Просмотрено"
2025/10/29 23:22:53 Успешно сохранено для userID=1, animeID=23, статус="Просмотрено"
2025/10/29 23:22:53 Попытка сохранить статус. userID=1, animeID=23, status="Просмотрено"
2025/10/29 23:23:42 Запуск сервера
2025/10/29 23:23:42 Подключение к базе данных установлено успешно
2025/10/29 23:23:42 Сервер запущен на порту 8080
2025/10/29 23:23:51 Request body: {"animeID":"47","status":"Смотрю"}
2025/10/29 23:23:51 Сессия пользователя: session-1
2025/10/29 23:23:51 Received anime_id: "47"
2025/10/29 23:23:51 Parsed anime_id: 47
2025/10/29 23:23:51 Успешно сохранено для userID=1, animeID=47, статус="Смотрю"
2025/10/29 23:23:51 Попытка сохранить статус. userID=1, animeID=47, status="Смотрю"
2025/10/29 23:23:51 userID из сессии: 1
2025/10/29 23:23:51 UpdateAnimeStatus вызван с параметрами: userID=1, animeID=47, status="Смотрю"
2025/10/29 23:23:51 Успешно сохранено для userID=1, animeID=47, статус="Смотрю"
2025/10/29 23:23:51 Попытка сохранить статус. userID=1, animeID=47, status="Смотрю"
2025/10/29 23:24:59 Request body: {"animeID":"3","status":"Просмотрено"}
2025/10/29 23:24:59 Сессия пользователя: session-1
2025/10/29 23:24:59 Received anime_id: "3"
2025/10/29 23:24:59 Parsed anime_id: 3
2025/10/29 23:25:00 Успешно сохранено для userID=1, animeID=3, статус="Просмотрено"
2025/10/29 23:25:00 Попытка сохранить статус. userID=1, animeID=3, status="Просмотрено"
2025/10/29 23:25:00 userID из сессии: 1
2025/10/29 23:25:00 UpdateAnimeStatus вызван с параметрами: userID=1, animeID=3, status="Просмотрено"
2025/10/29 23:25:00 Успешно сохранено для userID=1, animeID=3, статус="Просмотрено"
2025/10/29 23:25:00 Попытка сохранить статус. userID=1, animeID=3, status="Просмотрено"
2025/10/29 23:25:04 Request body: {"animeID":"2","status":"Смотрю"}
2025/10/29 23:25:04 Сессия пользователя: session-1
2025/10/29 23:25:04 Received anime_id: "2"
2025/10/29 23:25:04 Parsed anime_id: 2
2025/10/29 23:25:04 Успешно сохранено для userID=1, animeID=2, статус="Смотрю"
2025/10/29 23:25:04 Попытка сохранить статус. userID=1, animeID=2, status="Смотрю"
2025/10/29 23:25:04 userID из сессии: 1
2025/10/29 23:25:04 UpdateAnimeStatus вызван с параметрами: userID=1, animeID=2, status="Смотрю"
2025/10/29 23:25:04 Успешно сохранено для userID=1, animeID=2, статус="Смотрю"
2025/10/29 23:25:04 Попытка сохранить статус. userID=1, animeID=2, status="Смотрю"
2025/10/29 23:27:50 Запуск сервера
2025/10/29 23:27:51 Подключение к базе данных установлено успешно
2025/10/29 23:27:51 Сервер запущен на порту 8080
2025/10/29 23:32:51 Запуск сервера
2025/10/29 23:32:51 Подключение к базе данных установлено успешно
2025/10/29 23:32:51 Сервер запущен на порту 8080
2025/10/29 23:32:58 Request body: {"animeID":"1","status":"Просмотрено"}
2025/10/29 23:32:58 Сессия пользователя: session-1
2025/10/29 23:32:58 Received anime_id: "1"
2025/10/29 23:32:58 Parsed anime_id: 1
2025/10/29 23:32:58 Успешно сохранено для userID=1, animeID=1, статус="Просмотрено"
2025/10/29 23:32:58 Попытка сохранить статус. userID=1, animeID=1, status="Просмотрено"
2025/10/29 23:32:58 userID из сессии: 1
2025/10/29 23:32:58 UpdateAnimeStatus вызван с параметрами: userID=1, animeID=1, status="Просмотрено"
2025/10/29 23:32:58 Успешно сохранено для userID=1, animeID=1, статус="Просмотрено"
2025/10/29 23:32:58 Попытка сохранить статус. userID=1, animeID=1, status="Просмотрено"
2025/10/29 23:33:27 Request body: {"animeID":"1","status":"Планирую"}
2025/10/29 23:33:27 Сессия пользователя: session-1
2025/10/29 23:33:27 Received anime_id: "1"
2025/10/29 23:33:27 Parsed anime_id: 1
2025/10/29 23:33:27 Успешно сохранено для userID=1, animeID=1, статус="Планирую"
2025/10/29 23:33:27 Попытка сохранить статус. userID=1, animeID=1, status="Планирую"
2025/10/29 23:33:27 userID из сессии: 1
2025/10/29 23:33:27 UpdateAnimeStatus вызван с параметрами: userID=1, animeID=1, status="Планирую"
2025/10/29 23:33:27 Успешно сохранено для userID=1, animeID=1, статус="Планирую"
2025/10/29 23:33:27 Попытка сохранить статус. userID=1, animeID=1, status="Планирую"
